<?xml version="1.0" encoding="UTF-8"?>
<robot generator="Robot 7.1.1 (Python 3.13.0 on win32)" generated="2024-11-20T22:26:25.385607" rpa="false" schemaversion="5">
<suite id="s1" name="Elements" source="c:\Users\tenho\AppData\Local\Projetos\Robotframework\DEMOQA\TestCases\Elements.robot">
<test id="s1-t1" name=" CT01_Teste do botão de duplo clique" line="14">
<kw name="Abrir Navegador" owner="TelaInicial.resources" type="SETUP">
<kw name="Open Browser" owner="SeleniumLibrary">
<msg time="2024-11-20T22:26:26.266640" level="INFO">Opening browser 'chrome' to base url 'https://demoqa.com/'.</msg>
<arg>${URL}</arg>
<arg>${BROWSER}</arg>
<doc>Opens a new browser instance to the optional ``url``.</doc>
<status status="PASS" start="2024-11-20T22:26:26.266063" elapsed="6.524124"/>
</kw>
<kw name="Maximize Browser Window" owner="SeleniumLibrary">
<doc>Maximizes current browser window.</doc>
<status status="PASS" start="2024-11-20T22:26:32.791006" elapsed="0.113720"/>
</kw>
<status status="PASS" start="2024-11-20T22:26:26.264206" elapsed="6.641054"/>
</kw>
<kw name="Dado que acesso o website DEMOQA" owner="TelaInicial.resources">
<kw name="Get Title" owner="SeleniumLibrary">
<msg time="2024-11-20T22:26:32.935202" level="INFO">${titulo_aba} = DEMOQA</msg>
<var>${titulo_aba}</var>
<doc>Returns the title of the current page.</doc>
<status status="PASS" start="2024-11-20T22:26:32.907219" elapsed="0.030162"/>
</kw>
<kw name="Should Be Equal" owner="BuiltIn">
<arg>${titulo_aba}</arg>
<arg>DEMOQA</arg>
<doc>Fails if the given objects are unequal.</doc>
<status status="PASS" start="2024-11-20T22:26:32.938223" elapsed="0.001095"/>
</kw>
<doc>Teste para acessar o website DemoQA</doc>
<status status="PASS" start="2024-11-20T22:26:32.906381" elapsed="0.033397"/>
</kw>
<kw name="E seleciono o menu Elements" owner="Elements.resources">
<kw name="Click Element" owner="SeleniumLibrary">
<msg time="2024-11-20T22:26:32.943066" level="INFO">Clicking element '(//div[contains(.,'Elements')])[6]'.</msg>
<arg>${BtnElements}</arg>
<doc>Click the element identified by ``locator``.</doc>
<status status="PASS" start="2024-11-20T22:26:32.941814" elapsed="0.351806"/>
</kw>
<status status="PASS" start="2024-11-20T22:26:32.940848" elapsed="0.353399"/>
</kw>
<kw name="Quando clico no menu Buttons" owner="Elements.resources">
<kw name="Click Element" owner="SeleniumLibrary">
<msg time="2024-11-20T22:26:33.298371" level="INFO">Clicking element '//span[contains(.,'Buttons')]'.</msg>
<arg>${BtnButtons}</arg>
<doc>Click the element identified by ``locator``.</doc>
<status status="PASS" start="2024-11-20T22:26:33.296659" elapsed="0.263589"/>
</kw>
<status status="PASS" start="2024-11-20T22:26:33.295484" elapsed="0.265275"/>
</kw>
<kw name="E dou um duplo clique no botão &quot;Double Click Me&quot;" owner="Elements.resources">
<kw name="Double Click Element" owner="SeleniumLibrary">
<msg time="2024-11-20T22:26:33.564470" level="INFO">Double clicking element '//button[contains(@id,'doubleClickBtn')]'.</msg>
<arg>${BtndoubleClickBtn}</arg>
<doc>Double clicks the element identified by ``locator``.</doc>
<status status="PASS" start="2024-11-20T22:26:33.563296" elapsed="0.599252"/>
</kw>
<status status="PASS" start="2024-11-20T22:26:33.561909" elapsed="0.602158"/>
</kw>
<kw name="Sleep" owner="BuiltIn">
<msg time="2024-11-20T22:26:39.168342" level="INFO">Slept 5 seconds.</msg>
<arg>5s</arg>
<doc>Pauses the test executed for the given time.</doc>
<status status="PASS" start="2024-11-20T22:26:34.166838" elapsed="5.004855"/>
</kw>
<kw name="Capture Page Screenshot" owner="SeleniumLibrary">
<msg time="2024-11-20T22:26:39.661808" level="INFO" html="true">&lt;/td&gt;&lt;/tr&gt;&lt;tr&gt;&lt;td colspan="3"&gt;&lt;a href="teste.png"&gt;&lt;img src="teste.png" width="800px"&gt;&lt;/a&gt;</msg>
<arg>teste.png</arg>
<doc>Takes a screenshot of the current page and embeds it into a log file.</doc>
<status status="PASS" start="2024-11-20T22:26:39.179465" elapsed="0.483026"/>
</kw>
<kw name="Fechar Navegador" owner="TelaInicial.resources" type="TEARDOWN">
<kw name="Close Browser" owner="SeleniumLibrary">
<doc>Closes the current browser.</doc>
<status status="PASS" start="2024-11-20T22:26:39.665411" elapsed="2.345261"/>
</kw>
<status status="PASS" start="2024-11-20T22:26:39.664090" elapsed="2.347616"/>
</kw>
<status status="PASS" start="2024-11-20T22:26:26.262989" elapsed="15.750844"/>
</test>
<status status="PASS" start="2024-11-20T22:26:25.397935" elapsed="16.624082"/>
</suite>
<statistics>
<total>
<stat pass="1" fail="0" skip="0">All Tests</stat>
</total>
<tag>
</tag>
<suite>
<stat pass="1" fail="0" skip="0" id="s1" name="Elements">Elements</stat>
</suite>
</statistics>
<errors>
</errors>
</robot>
